Checking out Encounter license ...
	vdi		CHECKED OUT:	"Virtuoso_Digital_Implem"
Virtuoso_Digital_Implem 14.2 license checkout succeeded.
	Maximum number of instance allowed (1 x 50000).
*******************************************************************
*   Copyright (c)  Cadence Design Systems, Inc.  1996 - 2014.     *
*                     All rights reserved.                        *
*                                                                 *
*                                                                 *
*                                                                 *
* This program contains confidential and trade secret information *
* of Cadence Design Systems, Inc. and is protected by copyright   *
* law and international treaties.  Any reproduction, use,         *
* distribution or disclosure of this program or any portion of it,*
* or any attempt to obtain a human-readable version of this       *
* program, without the express, prior written consent of          *
* Cadence Design Systems, Inc., is strictly prohibited.           *
*                                                                 *
*                 Cadence Design Systems, Inc.                    *
*                    2655 Seely Avenue                            *
*                   San Jose, CA 95134,  USA                      *
*                                                                 *
*                                                                 *
*******************************************************************

@(#)CDS: Encounter v14.28-s033_1 (64bit) 03/21/2016 13:34 (Linux 2.6.18-194.el5)
@(#)CDS: NanoRoute v14.28-s005 NR160313-1959/14_28-UB (database version 2.30, 267.6.1) {superthreading v1.25}
@(#)CDS: CeltIC v14.28-s006_1 (64bit) 03/08/2016 00:08:23 (Linux 2.6.18-194.el5)
@(#)CDS: AAE 14.28-s002 (64bit) 03/21/2016 (Linux 2.6.18-194.el5)
@(#)CDS: CTE 14.28-s007_1 (64bit) Mar  7 2016 23:11:05 (Linux 2.6.18-194.el5)
@(#)CDS: CPE v14.28-s006
@(#)CDS: IQRC/TQRC 14.2.2-s217 (64bit) Wed Apr 15 23:10:24 PDT 2015 (Linux 2.6.18-194.el5)
@(#)CDS: OA 22.50-p011 Tue Nov 11 03:24:55 2014
@(#)CDS: SGN 10.10-p124 (19-Aug-2014) (64 bit executable)
@(#)CDS: RCDB 11.5
--- Starting "Encounter v14.28-s033_1" on Sun Apr 29 15:41:02 2018 (mem=94.1M) ---
--- Running on cobalt.clear.rice.edu (x86_64 w/Linux 3.10.0-693.el7.x86_64) ---
This version was compiled on Mon Mar 21 13:34:48 PDT 2016.
Set DBUPerIGU to 1000.
Set net toggle Scale Factor to 1.00
Set Shrink Factor to 1.00000

**INFO:  MMMC transition support version v31-84 

<CMD> set_global _enable_mmmc_by_default_flow      $CTE::mmmc_default
<CMD> suppressMessage ENCEXT-2799
Sourcing tcl/tk file "encounter.tcl" ...
<CMD> set_global _enable_mmmc_by_default_flow      $CTE::mmmc_default
<CMD> suppressMessage ENCEXT-2799
<CMD> set init_verilog top_module.vh
<CMD> set init_top_cell top_module
<CMD> set init_lef_file /clear/apps/osu/soc/cadence/lib/ami05/lib/osu05_stdcells.lef
<CMD> set init_gnd_net gnd
<CMD> set init_design_settop 0
<CMD> set init_pwr_net vdd
<CMD> init_design

Loading LEF file /clear/apps/osu/soc/cadence/lib/ami05/lib/osu05_stdcells.lef ...
**WARN: (ENCLF-108):	There is no overlap layer defined in any LEF file
so you are unable to create rectilinear partition in a hierarchical flow.
Set DBUPerIGU to M2 pitch 2400.

viaInitial starts at Sun Apr 29 15:41:03 2018
**WARN: (ENCPP-557):	A single-layer VIARULE GENERATE for turn-vias is obsolete and is being ignored. Remove this statement from LEF file: VIARULE TURN1 GENERATE.
Type 'man ENCPP-557' for more detail.
**WARN: (ENCPP-557):	A single-layer VIARULE GENERATE for turn-vias is obsolete and is being ignored. Remove this statement from LEF file: VIARULE TURN2 GENERATE.
Type 'man ENCPP-557' for more detail.
**WARN: (ENCPP-557):	A single-layer VIARULE GENERATE for turn-vias is obsolete and is being ignored. Remove this statement from LEF file: VIARULE TURN3 GENERATE.
Type 'man ENCPP-557' for more detail.
viaInitial ends at Sun Apr 29 15:41:03 2018
*** Begin netlist parsing (mem=323.5M) ***
Reading netlist ...
Backslashed names will retain backslash and a trailing blank character.
Reading verilog netlist 'top_module.vh'

*** Memory Usage v#1 (Current mem = 324.453M, initial mem = 94.102M) ***
*** End netlist parsing (cpu=0:00:00.0, real=0:00:00.0, mem=324.5M) ***
Set top cell to top_module.
*** End library_loading (cpu=0.00min, mem=0.0M, fe_cpu=0.06min, fe_real=0.17min, fe_mem=324.5M) ***
Starting recursive module instantiation check.
No recursion found.
Building hierarchical netlist for Cell top_module ...
*** Netlist is unique.
** info: there are 41 modules.
** info: there are 795 stdCell insts.

*** Memory Usage v#1 (Current mem = 331.203M, initial mem = 94.102M) ***
**WARN: (ENCFP-3961):	The techSite 'IO' has no related cells in LEF library. Cannot make calculations for this site type unless cell models of this type exist in the LEF library. If the SITE is not used by the library you can ignore this warning or remove the SITE definition from the LEF to avoid this message.
Type 'man ENCFP-3961' for more detail.
**WARN: (ENCFP-3961):	The techSite 'corner' has no related cells in LEF library. Cannot make calculations for this site type unless cell models of this type exist in the LEF library. If the SITE is not used by the library you can ignore this warning or remove the SITE definition from the LEF to avoid this message.
Type 'man ENCFP-3961' for more detail.
Horizontal Layer M1 offset = 1500 (derived)
Vertical Layer M2 offset = 1200 (derived)
Set Default Net Delay as 1000 ps.
Set Default Net Load as 0.5 pF. 
Set Input Pin Transition Delay as 0.1 ps.

**WARN: (ENCSYT-7328):	The design has been initialized in physical-only mode because the init_mmmc_file global variable was not defined. Timing analysis will not be possible within this session. You can only use commands that do not depend on timing data. If you need to use timing, you need to restart with an init_mmmc_file to define the timing setup, or you can save this design and use restore_design -mmmc_file <viewDef.tcl> to add the timing setup information.

*** Summary of all messages that are not suppressed in this session:
Severity  ID               Count  Summary                                  
WARNING   ENCLF-108            1  There is no overlap layer defined in any...
WARNING   ENCFP-3961           2  The techSite '%s' has no related cells i...
WARNING   ENCSYT-7328          1  The design has been initialized in physi...
WARNING   ENCPP-557            3  A single-layer VIARULE GENERATE for turn...
*** Message Summary: 7 warning(s), 0 error(s)

<CMD> saveDesign top_module.enc
Writing Netlist "top_module.enc.dat.tmp/top_module.v.gz" ...
Saving AAE Data ...
Saving configuration ...
Saving preference file top_module.enc.dat.tmp/enc.pref.tcl ...
Saving floorplan ...
Saving Drc markers ...
... No Drc file written since there is no markers found.
Saving placement ...
Saving route ...
*** Completed saveRoute (cpu=0:00:00.0 real=0:00:00.0 mem=427.4M) ***
Writing DEF file 'top_module.enc.dat.tmp/top_module.def.gz', current time is Sun Apr 29 15:41:03 2018 ...
unitPerMicron=1000, dbgMicronPerDBU=0.001000, unitPerDBU=1.000000
DEF file 'top_module.enc.dat.tmp/top_module.def.gz' is written, current time is Sun Apr 29 15:41:03 2018 ...
Copying LEF file...
Copying Non-ILM Constraints file(s) ...
Modifying Mode File...
Modifying Globals File...
Modifying Power Constraints File...
Generated self-contained design: /storage-home/j/jdm17/elec422/VLSI_project/Encounter
*** Message Summary: 0 warning(s), 0 error(s)

<CMD> getIoFlowFlag
<CMD> setIoFlowFlag 0
<CMD> floorPlan -r 1.0 .98 21 21 21 21
Horizontal Layer M1 offset = 1500 (derived)
Vertical Layer M2 offset = 1200 (derived)
**WARN: (ENCFP-325):	Floorplan of the design is resized. All current floorplan objects are automatically derived based on specified new floorplan. This may change blocks, fixed standard cells, existing routes and blockages.
<CMD> uiSetTool select
<CMD> getIoFlowFlag
<CMD> fit
<CMD> clearGlobalNets
<CMD> globalNetConnect gnd -type pgpin -pin gnd -inst *
<CMD> globalNetConnect vdd -type pgpin -pin vdd -inst *
<CMD> set sprCreateIeRingNets {}
<CMD> set sprCreateIeRingLayers {}
<CMD> set sprCreateIeRingWidth 1.2
<CMD> set sprCreateIeRingSpacing 1.2
<CMD> set sprCreateIeRingOffset 1.2
<CMD> set sprCreateIeRingThreshold 1.2
<CMD> set sprCreateIeRingJogDistance 1.2
<CMD> setAddRingMode -stacked_via_top_layer metal3
<CMD> setAddRingMode -stacked_via_bottom_layer metal1
<CMD> addRing -skip_via_on_wire_shape Noshape -skip_via_on_pin Standardcell -center 1 -type core_rings -jog_distance 1.8 -threshold 1.8 -nets {gnd vdd} -follow core -layer {bottom metal1 top metal1 right metal2 left metal2} -width 6.0 -spacing 1.2 -offset 1.8

The power planner created 8 wires.
*** Ending Ring Generation (totcpu: 0:00:00.0,real: 0:00:00.0, mem: 428.4M) ***
<CMD> placeDesign
**WARN: (ENCSP-9513):	Timing constraint file does not exist
**WARN: (ENCSP-9514):	Non-TimingDriven placement will be performed.
*** Starting placeDesign default flow ***
*** Start deleteBufferTree ***
Info: Detect buffers to remove automatically.
Analyzing netlist ...
Updating netlist

*summary: 0 instances (buffers/inverters) removed
*** Finish deleteBufferTree (0:00:00.0) ***
*** ThreeLayerMode is automatically turned on for small designs with less than 4 layers.
Extracting standard cell pins and blockage ...... 
Pin and blockage extraction finished
Extracting macro/IO cell pins and blockage ...... 
Pin and blockage extraction finished
*** Starting "NanoPlace(TM) placement v#1 (mem=429.4M)" ...
Options: clkGateAware pinGuide congEffort=auto gpeffort=medium 
#std cell=795 (0 fixed + 795 movable) #block=0 (0 floating + 0 preplaced)
#ioInst=0 #net=810 #term=2685 #term/net=3.31, #fixedIo=0, #floatIo=0, #fixedPin=0, #floatPin=63
stdCell: 795 single + 0 double + 0 multi
Total standard cell length = 9.9288 (mm), area = 0.2979 (mm^2)
Average module density = 0.982.
Density for the design = 0.982.
       = stdcell_area 4137 sites (297864 um^2) / alloc_area 4212 sites (303264 um^2).
Pin Density = 0.649.
            = total # of pins 2685 / total Instance area 4137.
=== lastAutoLevel = 5 
Clock gating cells determined by native netlist tracing.
Iteration  1: Total net bbox = 2.404e-11 (0.00e+00 2.40e-11)
              Est.  stn bbox = 2.611e-11 (0.00e+00 2.61e-11)
              cpu = 0:00:00.0 real = 0:00:00.0 mem = 439.4M
Iteration  2: Total net bbox = 2.404e-11 (0.00e+00 2.40e-11)
              Est.  stn bbox = 2.611e-11 (0.00e+00 2.61e-11)
              cpu = 0:00:00.0 real = 0:00:00.0 mem = 439.4M
Iteration  3: Total net bbox = 3.223e+01 (1.68e+01 1.55e+01)
              Est.  stn bbox = 3.755e+01 (1.94e+01 1.81e+01)
              cpu = 0:00:00.0 real = 0:00:00.0 mem = 440.4M
Iteration  4: Total net bbox = 4.798e+04 (2.54e+04 2.25e+04)
              Est.  stn bbox = 5.727e+04 (3.00e+04 2.73e+04)
              cpu = 0:00:00.3 real = 0:00:00.0 mem = 440.4M
Iteration  5: Total net bbox = 5.222e+04 (2.90e+04 2.33e+04)
              Est.  stn bbox = 6.289e+04 (3.45e+04 2.84e+04)
              cpu = 0:00:00.3 real = 0:00:00.0 mem = 440.4M
Iteration  6: Total net bbox = 5.744e+04 (3.13e+04 2.62e+04)
              Est.  stn bbox = 6.834e+04 (3.72e+04 3.11e+04)
              cpu = 0:00:00.4 real = 0:00:01.0 mem = 440.4M
Iteration  7: Total net bbox = 6.254e+04 (3.21e+04 3.05e+04)
              Est.  stn bbox = 7.357e+04 (3.79e+04 3.56e+04)
              cpu = 0:00:00.4 real = 0:00:00.0 mem = 440.4M
Iteration  8: Total net bbox = 6.874e+04 (3.54e+04 3.33e+04)
              Est.  stn bbox = 8.110e+04 (4.19e+04 3.92e+04)
              cpu = 0:00:00.4 real = 0:00:01.0 mem = 444.4M
Iteration  9: Total net bbox = 6.874e+04 (3.54e+04 3.33e+04)
              Est.  stn bbox = 8.110e+04 (4.19e+04 3.92e+04)
              cpu = 0:00:00.0 real = 0:00:00.0 mem = 444.4M
Iteration 10: Total net bbox = 6.874e+04 (3.54e+04 3.33e+04)
              Est.  stn bbox = 8.110e+04 (4.19e+04 3.92e+04)
              cpu = 0:00:00.0 real = 0:00:00.0 mem = 444.4M
*** cost = 6.874e+04 (3.54e+04 3.33e+04) (cpu for global=0:00:01.8) real=0:00:03.0***
Info: 0 clock gating cells identified, 0 (on average) moved
Core Placement runtime cpu: 0:00:01.8 real: 0:00:03.0
**WARN: (ENCSP-9025):	No scan chain specified/traced.
Type 'man ENCSP-9025' for more detail.
*** Starting refinePlace (0:00:06.2 mem=444.4M) ***
Total net length = 6.886e+04 (3.558e+04 3.328e+04) (ext = 1.754e+04)
Move report: Detail placement moves 795 insts, mean move: 18.87 um, max move: 169.36 um
	Max move on inst (U31): (238.40, 219.24) --> (396.00, 231.00)
	Runtime: CPU: 0:00:01.0 REAL: 0:00:01.0 MEM: 444.4MB
Summary Report:
Instances move: 795 (out of 795 movable)
Mean displacement: 18.87 um
Max displacement: 169.36 um (Instance: U31) (238.401, 219.241) -> (396, 231)
	Length: 2 sites, height: 1 rows, site name: core, cell type: INVX2
Total net length = 7.185e+04 (3.713e+04 3.472e+04) (ext = 1.765e+04)
Runtime: CPU: 0:00:01.0 REAL: 0:00:01.0 MEM: 444.4MB
*** Finished refinePlace (0:00:07.3 mem=444.4M) ***
Total net length = 7.142e+04 (3.690e+04 3.452e+04) (ext = 1.757e+04)
*** End of Placement (cpu=0:00:02.9, real=0:00:04.0, mem=444.4M) ***
default core: bins with density >  0.75 =  100 % ( 4 / 4 )
Density distribution unevenness ratio = 0.671%
Starting IO pin assignment...
Completed IO pin assignment.
*** ThreeLayerMode is automatically turned on for small designs with less than 4 layers.
Starting congestion repair ...
*** ThreeLayerMode is automatically turned on for small designs with less than 4 layers.
*** Starting trialRoute (mem=444.4M) ***

There are 0 guide points passed to trialRoute for fixed pins.
There are 0 guide points passed to trialRoute for pinGroup/netGroup/pinGuide pins.
Options:  -noPinGuide


Phase 1a-1d Overflow: 0.41% H + 48.26% V (0:00:00.0 445.4M)

Phase 1e-1f Overflow: 1.02% H + 38.49% V (0:00:00.0 446.4M)

Phase 1l Overflow: 1.02% H + 38.49% V (0:00:00.0 446.4M)


Congestion distribution:

Remain	cntH		cntV
--------------------------------------
 -2:	0	 0.00%	27	 2.83%
 -1:	10	 1.02%	329	34.49%
--------------------------------------
  0:	32	 3.27%	331	34.70%
  1:	75	 7.65%	86	 9.01%
  2:	112	11.43%	49	 5.14%
  3:	135	13.78%	28	 2.94%
  4:	130	13.27%	29	 3.04%
  5:	486	49.59%	75	 7.86%


Total length: 1.007e+05um, number of vias: 4915
M1(H) length: 0.000e+00um, number of vias: 2622
M2(V) length: 4.951e+04um, number of vias: 2293
M3(H) length: 5.117e+04um

Peak Memory Usage was 446.4M 
*** Finished trialRoute (cpu=0:00:00.0 mem=446.4M) ***

Local HotSpot Analysis: normalized max congestion hotspot area = 14.00, normalized total congestion hotspot area = 14.00 (area is in unit of 4 std-cell row bins)
describeCongestion: hCong = 0.00 vCong = 1.36
Trial Route Overflow 1.020408(H) 38.488864(V).
Start repairing congestion with level 3.
congRepair additional round: bin height 2 and width 2
Iteration  5: Total net bbox = 6.019e+04 (3.33e+04 2.69e+04)
              Est.  stn bbox = 7.229e+04 (3.97e+04 3.26e+04)
              cpu = 0:00:00.1 real = 0:00:00.0 mem = 446.4M
Iteration  6: Total net bbox = 6.326e+04 (3.42e+04 2.90e+04)
              Est.  stn bbox = 7.583e+04 (4.08e+04 3.50e+04)
              cpu = 0:00:00.2 real = 0:00:00.0 mem = 446.4M
Iteration  7: Total net bbox = 6.776e+04 (3.53e+04 3.25e+04)
              Est.  stn bbox = 8.040e+04 (4.19e+04 3.85e+04)
              cpu = 0:00:00.3 real = 0:00:00.0 mem = 446.4M
*** Starting refinePlace (0:00:08.0 mem=446.4M) ***
Total net length = 6.928e+04 (3.636e+04 3.292e+04) (ext = 1.740e+04)
Move report: Detail placement moves 795 insts, mean move: 16.75 um, max move: 100.72 um
	Max move on inst (U31): (311.04, 206.68) --> (216.00, 201.00)
	Runtime: CPU: 0:00:00.8 REAL: 0:00:01.0 MEM: 446.4MB
Summary Report:
Instances move: 795 (out of 795 movable)
Mean displacement: 16.75 um
Max displacement: 100.72 um (Instance: U31) (311.038, 206.684) -> (216, 201)
	Length: 2 sites, height: 1 rows, site name: core, cell type: INVX2
Total net length = 7.184e+04 (3.705e+04 3.479e+04) (ext = 1.735e+04)
Runtime: CPU: 0:00:00.8 REAL: 0:00:01.0 MEM: 446.4MB
*** Finished refinePlace (0:00:08.8 mem=446.4M) ***
Total net length = 7.154e+04 (3.688e+04 3.465e+04) (ext = 1.733e+04)
*** Starting trialRoute (mem=446.4M) ***

There are 0 guide points passed to trialRoute for fixed pins.
There are 0 guide points passed to trialRoute for pinGroup/netGroup/pinGuide pins.
Options:  -noPinGuide


Phase 1a-1d Overflow: 0.14% H + 51.00% V (0:00:00.0 446.4M)

Phase 1e-1f Overflow: 0.10% H + 39.25% V (0:00:00.0 446.4M)

Phase 1l Overflow: 0.10% H + 39.25% V (0:00:00.0 446.4M)


Congestion distribution:

Remain	cntH		cntV
--------------------------------------
 -2:	0	 0.00%	42	 4.38%
 -1:	1	 0.10%	317	33.06%
--------------------------------------
  0:	47	 4.80%	332	34.62%
  1:	77	 7.86%	90	 9.38%
  2:	93	 9.49%	46	 4.80%
  3:	121	12.35%	24	 2.50%
  4:	145	14.80%	32	 3.34%
  5:	496	50.61%	76	 7.92%


Total length: 9.270e+04um, number of vias: 4999
M1(H) length: 0.000e+00um, number of vias: 2622
M2(V) length: 4.469e+04um, number of vias: 2377
M3(H) length: 4.802e+04um

Peak Memory Usage was 446.4M 
*** Finished trialRoute (cpu=0:00:00.1 mem=446.4M) ***

Local HotSpot Analysis: normalized max congestion hotspot area = 16.00, normalized total congestion hotspot area = 16.00 (area is in unit of 4 std-cell row bins)
describeCongestion: hCong = 0.00 vCong = 1.44
End of congRepair (cpu=0:00:01.5, real=0:00:01.0)
*** Finishing placeDesign default flow ***
**placeDesign ... cpu = 0: 0: 4, real = 0: 0: 5, mem = 444.4M **

*** Summary of all messages that are not suppressed in this session:
Severity  ID               Count  Summary                                  
WARNING   ENCSP-9513           1  Timing constraint file does not exist    
WARNING   ENCSP-9514           1  Non-TimingDriven placement will be perfo...
WARNING   ENCSP-9025           1  No scan chain specified/traced.          
*** Message Summary: 3 warning(s), 0 error(s)

<CMD> sroute -nets {vdd gnd}
*** Begin SPECIAL ROUTE on Sun Apr 29 15:41:09 2018 ***
SPECIAL ROUTE ran on directory: /storage-home/j/jdm17/elec422/VLSI_project/Encounter
SPECIAL ROUTE ran on machine: cobalt.clear.rice.edu (Linux 3.10.0-693.el7.x86_64 Xeon 2.63Ghz)

Begin option processing ...
srouteConnectPowerBump set to false
routeSelectNet set to "vdd gnd"
routeSpecial set to true
srouteConnectConverterPin set to false
srouteFollowCorePinEnd set to 3
srouteJogControl set to "preferWithChanges differentLayer"
sroutePadPinAllPorts set to true
sroutePreserveExistingRoutes set to true
srouteRoutePowerBarPortOnBothDir set to true
End option processing: cpu: 0:00:00, real: 0:00:00, peak: 1098.00 megs.

Reading DB technology information...
Finished reading DB technology information.
Reading floorplan and netlist information...
Finished reading floorplan and netlist information.
Read in 6 layers, 3 routing layers, 0 overlap layer
Read in 34 macros, 16 used
Read in 795 components
  795 core components: 0 unplaced, 795 placed, 0 fixed
Read in 63 physical pins
  63 physical pins: 0 unplaced, 63 placed, 0 fixed
Read in 63 nets
Read in 2 special nets, 2 routed
Read in 1653 terminals
2 nets selected.

Begin power routing ...
**WARN: (ENCSR-1254):	Cannot find any block pin of net vdd. Check netlist, or change option to include the pin.
**WARN: (ENCSR-1256):	Cannot find any CORE class pad pin of net vdd. Change routing area or layer to include the expected pin, or check netlist, or change port class in LEF file.
Type 'man ENCSR-1256' for more detail.
Cannot find any AREAIO class pad pin of net vdd. Check net list, or change port class in LEF file, or change option to include pin in given range.
**WARN: (ENCSR-1254):	Cannot find any block pin of net gnd. Check netlist, or change option to include the pin.
**WARN: (ENCSR-1256):	Cannot find any CORE class pad pin of net gnd. Change routing area or layer to include the expected pin, or check netlist, or change port class in LEF file.
Type 'man ENCSR-1256' for more detail.
Cannot find any AREAIO class pad pin of net gnd. Check net list, or change port class in LEF file, or change option to include pin in given range.
CPU time for FollowPin 0 seconds
CPU time for FollowPin 0 seconds
  Number of IO ports routed: 0
  Number of Block ports routed: 0
  Number of Stripe ports routed: 0
  Number of Core ports routed: 38
  Number of Pad ports routed: 0
  Number of Power Bump ports routed: 0
  Number of Followpin connections: 19
End power routing: cpu: 0:00:00, real: 0:00:00, peak: 1102.00 megs.



 Begin updating DB with routing results ...
 Updating DB with 4 via definition ...
 Updating DB with 63 io pins ...

sroute post-processing starts at Sun Apr 29 15:41:09 2018
The viaGen is rebuilding shadow vias for net gnd.
sroute post-processing ends at Sun Apr 29 15:41:09 2018

sroute post-processing starts at Sun Apr 29 15:41:09 2018
The viaGen is rebuilding shadow vias for net vdd.
sroute post-processing ends at Sun Apr 29 15:41:09 2018
sroute: Total CPU time used = 0:0:0
sroute: Total Real time used = 0:0:0
sroute: Total Memory used = 2.00 megs
sroute: Total Peak Memory used = 446.44 megs
<CMD> saveDesign top_module.enc
Writing Netlist "top_module.enc.dat.tmp/top_module.v.gz" ...
Saving AAE Data ...
Saving configuration ...
Saving preference file top_module.enc.dat.tmp/enc.pref.tcl ...
Saving floorplan ...
Saving Drc markers ...
... No Drc file written since there is no markers found.
Saving placement ...
Saving route ...
*** Completed saveRoute (cpu=0:00:00.0 real=0:00:00.0 mem=447.5M) ***
Writing DEF file 'top_module.enc.dat.tmp/top_module.def.gz', current time is Sun Apr 29 15:41:09 2018 ...
unitPerMicron=1000, dbgMicronPerDBU=0.001000, unitPerDBU=1.000000
DEF file 'top_module.enc.dat.tmp/top_module.def.gz' is written, current time is Sun Apr 29 15:41:09 2018 ...
Copying LEF file...
Copying Non-ILM Constraints file(s) ...
Modifying Mode File...
Modifying Globals File...
Modifying Power Constraints File...
Generated self-contained design: /storage-home/j/jdm17/elec422/VLSI_project/Encounter
*** Message Summary: 0 warning(s), 0 error(s)

<CMD> addFiller -cell FILL -prefix FILLER -markFixed
**WARN: (ENCSP-9057):	Fillers being added in a FIXED mode to the whole design. Some subsequent
operations, such as antenna fixing, may fail due to fillers being marked
as 'FIXED'. If this was not intended, use deleteFiller command to undo.
*INFO: Adding fillers to top-module.
*INFO:   Added 75 filler insts (cell FILL / prefix FILLER).
*INFO: Total 75 filler insts added - prefix FILLER (CPU: 0:00:00.0).
For 75 new insts, *** Applied 2 GNC rules (cpu = 0:00:00.0)
<CMD> routeDesign -globalDetail
#routeDesign: cpu time = 00:00:00, elapsed time = 00:00:00, memory = 473.36 (MB), peak = 477.82 (MB)
#WARNING (NRIG-96) Selected single pass global detail route "-globalDetail". Clock eco and post optimizations will not be run. See "man NRIG-96" for more details.
Begin checking placement ... (start mem=447.5M, init mem=447.5M)
*info: Placed = 870            (Fixed = 75)
*info: Unplaced = 0           
Placement Density:100.00%(297864/297864)
Finished checkPlace (cpu: total=0:00:00.0, vio checks=0:00:00.0; mem=447.5M)
#**INFO: auto set of routeWithTimingDriven to true
#**INFO: auto set of routeWithSiDriven to true

changeUseClockNetStatus Option :  -noFixedNetWires 
*** Changed status on (0) nets in Clock.
*** End changeUseClockNetStatus (cpu=0:00:00.0, real=0:00:00.0, mem=447.5M) ***

globalDetailRoute

#setNanoRouteMode -routeWithSiDriven true
#setNanoRouteMode -routeWithTimingDriven true
#Start globalDetailRoute on Sun Apr 29 15:41:10 2018
#
#Generating timing graph information, please wait...
#810 total nets, 0 already routed, 0 will ignore in trialRoute
#Dump tif for version 2.1
**WARN: (ENCEXT-3530):	The process node is not set. Use the command setDesignMode -process <process node> prior to extraction for maximum accuracy and optimal automatic threshold setting.
**WARN: (ENCEXT-6197):	Capacitance table file not specified. This will result in lower parasitic accuracy using preRoute extraction or postRoute extraction with effort level 'low'. It is recommended to generate the capacitance table file using 'generateCapTbl' command and specify it before extraction.
**ERROR: (ENCDC-634):	Failed to build the timing graph since timing library files have not yet been loaded. To resolve this, check that timing library files have been correctly specified in the loaded design database.
**WARN: (ENCESI-2013):	The power rail of instance U26 term A has zero voltage, resetting the power rail to default vdd. Check the power specification of this instance.
**WARN: (ENCESI-2013):	The power rail of instance U1/next_state_reg[2] term CLK has zero voltage, resetting the power rail to default vdd. Check the power specification of this instance.
**WARN: (ENCESI-2013):	The power rail of instance U1/next_countWriteout_reg[1] term CLK has zero voltage, resetting the power rail to default vdd. Check the power specification of this instance.
**WARN: (ENCESI-2013):	The power rail of instance U1/next_countWriteout_reg[2] term CLK has zero voltage, resetting the power rail to default vdd. Check the power specification of this instance.
**WARN: (ENCESI-2013):	The power rail of instance U1/next_countWriteout_reg[3] term CLK has zero voltage, resetting the power rail to default vdd. Check the power specification of this instance.
**WARN: (ENCESI-2013):	The power rail of instance U1/next_countWriteout_reg[4] term CLK has zero voltage, resetting the power rail to default vdd. Check the power specification of this instance.
**WARN: (ENCESI-2013):	The power rail of instance U1/next_countWriteout_reg[5] term CLK has zero voltage, resetting the power rail to default vdd. Check the power specification of this instance.
**WARN: (ENCESI-2013):	The power rail of instance U1/next_countWriteout_reg[6] term CLK has zero voltage, resetting the power rail to default vdd. Check the power specification of this instance.
**WARN: (ENCEXT-2882):	Unable to find resistance for via 'M2_M1' in capacitance table or LEF files. Check the capacitance table and LEF files. Assigning default value of 4.0 ohms.
**WARN: (ENCEXT-2882):	Unable to find resistance for via 'M3_M2' in capacitance table or LEF files. Check the capacitance table and LEF files. Assigning default value of 4.0 ohms.
**WARN: (ENCESI-2013):	The power rail of instance U27 term A has zero voltage, resetting the power rail to default vdd. Check the power specification of this instance.
**WARN: (ENCESI-2013):	The power rail of instance U2/next_MuxData_reg[5] term CLK has zero voltage, resetting the power rail to default vdd. Check the power specification of this instance.
**WARN: (ENCESI-2013):	The power rail of instance U2/next_MuxData_reg[4] term CLK has zero voltage, resetting the power rail to default vdd. Check the power specification of this instance.
**WARN: (ENCESI-2013):	The power rail of instance U2/next_MuxData_reg[3] term CLK has zero voltage, resetting the power rail to default vdd. Check the power specification of this instance.
**WARN: (ENCESI-2013):	The power rail of instance U2/next_MuxData_reg[2] term CLK has zero voltage, resetting the power rail to default vdd. Check the power specification of this instance.
**WARN: (ENCESI-2013):	The power rail of instance U2/next_MuxData_reg[1] term CLK has zero voltage, resetting the power rail to default vdd. Check the power specification of this instance.
**WARN: (ENCESI-2013):	The power rail of instance U2/next_MuxData_reg[0] term CLK has zero voltage, resetting the power rail to default vdd. Check the power specification of this instance.
**WARN: (ENCESI-2013):	The power rail of instance U2/loseSig_reg term CLK has zero voltage, resetting the power rail to default vdd. Check the power specification of this instance.
**WARN: (ENCESI-2013):	The power rail of instance U1/U69 term B has zero voltage, resetting the power rail to default vdd. Check the power specification of this instance.
**WARN: (ENCESI-2013):	The power rail of instance U1/U129 term C has zero voltage, resetting the power rail to default vdd. Check the power specification of this instance.
**WARN: (ENCESI-2013):	The power rail of instance U41 term A has zero voltage, resetting the power rail to default vdd. Check the power specification of this instance.
**WARN: (ENCESI-2013):	The power rail of instance U1/U110 term C has zero voltage, resetting the power rail to default vdd. Check the power specification of this instance.
**WARN: (EMS-63):	Message <ENCESI-2013> has exceeded the default message display limit of 20.
To avoid this warning, increase the display limit per unique message by
using the set_message -limit <number> command.
The message limit can be removed by using the set_message -no_limit command.
Note that setting a very large number using the set_message -limit command
or removing the message limit using the set_message -no_limit command can
significantly increase the log file size.
To suppress a message, use the set_message -suppress command.
AAE_MTTC: End Timing Check Calculation. (CPU Time=0:00:00.0, Real Time=0:00:00.0)
AAE_THRD: End delay calculation. (MEM=605.402 CPU=0:00:00.0 REAL=0:00:00.0)
#Write timing file took: cpu time = 00:00:00, elapsed time = 00:00:00, memory = 504.12 (MB), peak = 512.37 (MB)
#Done generating timing graph information.
#Start reading timing information from file .timing_file_172826.tif.gz ...
#WARNING (NRDB-194) 
#No setup time constraints read in
#Read in timing information for 63 ports, 795 instances from timing file .timing_file_172826.tif.gz.
#NanoRoute Version v14.28-s005 NR160313-1959/14_28-UB
#Bottom routing layer is M1, bottom routing layer for shielding is M1, bottom shield layer is M1
#Start routing data preparation.
#WARNING (NRDB-2077) The below via enclosure for LAYER metal1 is not specified for width 0.900.
#WARNING (NRDB-2078) The above via enclosure for LAYER metal2 is not specified for width 0.900.
#WARNING (NRDB-2077) The below via enclosure for LAYER metal1 is not specified for width 0.900.
#WARNING (NRDB-2078) The above via enclosure for LAYER metal2 is not specified for width 0.900.
#WARNING (NRDB-2077) The below via enclosure for LAYER metal2 is not specified for width 0.900.
#WARNING (NRDB-2078) The above via enclosure for LAYER metal3 is not specified for width 1.500.
#WARNING (NRDB-2077) The below via enclosure for LAYER metal2 is not specified for width 0.900.
#WARNING (NRDB-2078) The above via enclosure for LAYER metal3 is not specified for width 1.500.
# metal1       H   Track-Pitch = 3.000    Line-2-Via Pitch = 1.950
# metal2       V   Track-Pitch = 2.400    Line-2-Via Pitch = 1.950
# metal3       H   Track-Pitch = 3.000    Line-2-Via Pitch = 2.550
#Regenerating Ggrids automatically.
#Auto generating G-grids with size=20 tracks, using layer metal2's pitch = 2.400.
#Using automatically generated G-grids.
#Done routing data preparation.
#cpu time = 00:00:00, elapsed time = 00:00:00, memory = 540.86 (MB), peak = 540.86 (MB)
#Merging special wires...
#Using S.M.A.R.T. routing technology.
#Number of eco nets is 0
#
#Start data preparation...
#
#Data preparation is done on Sun Apr 29 15:41:11 2018
#
#Analyzing routing resource...
#Routing resource analysis is done on Sun Apr 29 15:41:11 2018
#
#  Resource Analysis:
#
#               Routing  #Avail      #Track     #Total     %Gcell
#  Layer      Direction   Track     Blocked      Gcell    Blocked
#  --------------------------------------------------------------
#  Metal 1        H         194           0         156    82.05%
#  Metal 2        V         253           0         156     0.00%
#  Metal 3        H         194           0         156     0.00%
#  --------------------------------------------------------------
#  Total                    641       0.00%  468    27.35%
#
#
#
#cpu time = 00:00:00, elapsed time = 00:00:00, memory = 541.09 (MB), peak = 541.16 (MB)
#
#start global routing iteration 1...
#cpu time = 00:00:00, elapsed time = 00:00:00, memory = 542.46 (MB), peak = 542.57 (MB)
#
#start global routing iteration 2...
#cpu time = 00:00:00, elapsed time = 00:00:00, memory = 542.57 (MB), peak = 542.64 (MB)
#
#start global routing iteration 3...
#cpu time = 00:00:00, elapsed time = 00:00:00, memory = 542.64 (MB), peak = 542.65 (MB)
#
#start global routing iteration 4...
#cpu time = 00:00:00, elapsed time = 00:00:00, memory = 542.65 (MB), peak = 542.65 (MB)
#
#
#Total number of trivial nets (e.g. < 2 pins) = 3 (skipped).
#Total number of routable nets = 810.
#Total number of nets in the design = 813.
#
#810 routable nets have only global wires.
#
#Routed nets constraints summary:
#-----------------------------
#        Rules   Unconstrained  
#-----------------------------
#      Default             810  
#-----------------------------
#        Total             810  
#-----------------------------
#
#Routing constraints summary of the whole design:
#-----------------------------
#        Rules   Unconstrained  
#-----------------------------
#      Default             810  
#-----------------------------
#        Total             810  
#-----------------------------
#
#
#  Congestion Analysis: (blocked Gcells are excluded)
#
#                 OverCon       OverCon       OverCon       OverCon          
#                  #Gcell        #Gcell        #Gcell        #Gcell    %Gcell
#     Layer         (1-4)         (5-9)       (10-13)       (14-18)   OverCon
#  --------------------------------------------------------------------------
#   Metal 1      2(4.35%)      0(0.00%)      0(0.00%)      0(0.00%)   (4.35%)
#   Metal 2     45(28.8%)     51(32.7%)     24(15.4%)     13(8.33%)   (85.3%)
#   Metal 3     34(21.8%)      2(1.28%)      0(0.00%)      0(0.00%)   (23.1%)
#  --------------------------------------------------------------------------
#     Total     81(22.6%)     53(14.8%)     24(6.70%)     13(3.63%)   (47.8%)
#
#  The worst congested Gcell overcon (routing demand over resource in number of tracks) = 18
#
#Complete Global Routing.
#Total wire length = 94740 um.
#Total half perimeter of net bounding box = 73442 um.
#Total wire length on LAYER metal1 = 432 um.
#Total wire length on LAYER metal2 = 43610 um.
#Total wire length on LAYER metal3 = 50697 um.
#Total number of vias = 3562
#Up-Via Summary (total 3562):
#           
#-----------------------
#  Metal 1         2401
#  Metal 2         1161
#-----------------------
#                  3562 
#
#Max overcon = 18 tracks.
#Total overcon = 47.77%.
#Worst layer Gcell overcon rate = 23.08%.
#cpu time = 00:00:00, elapsed time = 00:00:00, memory = 542.71 (MB), peak = 542.72 (MB)
#
#
#Start data preparation for track assignment...
#
#Data preparation is done on Sun Apr 29 15:41:11 2018
#
#cpu time = 00:00:00, elapsed time = 00:00:00, memory = 542.74 (MB), peak = 542.74 (MB)
#Start Track Assignment.
#Done with 750 horizontal wires in 1 hboxes and 841 vertical wires in 1 hboxes.
#Done with 262 horizontal wires in 1 hboxes and 252 vertical wires in 1 hboxes.
#Complete Track Assignment.
#Total wire length = 89158 um.
#Total half perimeter of net bounding box = 73442 um.
#Total wire length on LAYER metal1 = 472 um.
#Total wire length on LAYER metal2 = 41198 um.
#Total wire length on LAYER metal3 = 47488 um.
#Total number of vias = 3562
#Up-Via Summary (total 3562):
#           
#-----------------------
#  Metal 1         2401
#  Metal 2         1161
#-----------------------
#                  3562 
#
#cpu time = 00:00:00, elapsed time = 00:00:00, memory = 511.87 (MB), peak = 542.76 (MB)
#
#Cpu time = 00:00:00
#Elapsed time = 00:00:00
#Increased memory = 6.02 (MB)
#Total memory = 511.87 (MB)
#Peak memory = 542.76 (MB)
#Using S.M.A.R.T. routing technology.
#routeSiEffort set to high
#
#Start Detail Routing..
#start initial detail routing ...
#    number of violations = 32
#
#    By Layer and Type :
#	         MetSpc    Short   Totals
#	metal1        0        1        1
#	metal2        0       15       15
#	metal3        3       13       16
#	Totals        3       29       32
#cpu time = 00:00:02, elapsed time = 00:00:02, memory = 601.18 (MB), peak = 601.18 (MB)
#start 1st optimization iteration ...
#    number of violations = 8
#
#    By Layer and Type :
#	          Short   Totals
#	metal1        0        0
#	metal2        3        3
#	metal3        5        5
#	Totals        8        8
#cpu time = 00:00:01, elapsed time = 00:00:01, memory = 601.60 (MB), peak = 601.60 (MB)
#start 2nd optimization iteration ...
#    number of violations = 3
#
#    By Layer and Type :
#	          Short   Totals
#	metal1        0        0
#	metal2        2        2
#	metal3        1        1
#	Totals        3        3
#cpu time = 00:00:00, elapsed time = 00:00:00, memory = 601.60 (MB), peak = 601.60 (MB)
#start 3rd optimization iteration ...
#    number of violations = 2
#
#    By Layer and Type :
#	          Short   Totals
#	metal1        0        0
#	metal2        1        1
#	metal3        1        1
#	Totals        2        2
#cpu time = 00:00:00, elapsed time = 00:00:00, memory = 601.60 (MB), peak = 601.60 (MB)
#start 4th optimization iteration ...
#    number of violations = 7
#
#    By Layer and Type :
#	          Short   Totals
#	metal1        0        0
#	metal2        1        1
#	metal3        6        6
#	Totals        7        7
#cpu time = 00:00:00, elapsed time = 00:00:00, memory = 601.60 (MB), peak = 601.60 (MB)
#start 5th optimization iteration ...
#    number of violations = 0
#cpu time = 00:00:00, elapsed time = 00:00:00, memory = 601.60 (MB), peak = 601.60 (MB)
#Complete Detail Routing.
#Total wire length = 97665 um.
#Total half perimeter of net bounding box = 73442 um.
#Total wire length on LAYER metal1 = 2903 um.
#Total wire length on LAYER metal2 = 46924 um.
#Total wire length on LAYER metal3 = 47837 um.
#Total number of vias = 5272
#Up-Via Summary (total 5272):
#           
#-----------------------
#  Metal 1         2458
#  Metal 2         2814
#-----------------------
#                  5272 
#
#Total number of DRC violations = 0
#Cpu time = 00:00:03
#Elapsed time = 00:00:03
#Increased memory = 89.74 (MB)
#Total memory = 601.61 (MB)
#Peak memory = 601.61 (MB)
#
#Start Post Route wire spreading..
#
#Start data preparation for wire spreading...
#
#Data preparation is done on Sun Apr 29 15:41:14 2018
#
#cpu time = 00:00:00, elapsed time = 00:00:00, memory = 601.63 (MB), peak = 601.63 (MB)
#
#Spread distance (# of tracks): min = 0.500000; max = 2.000000
#
#Start Post Route Wire Spread.
#Done with 123 horizontal wires in 1 hboxes and 93 vertical wires in 1 hboxes.
#Complete Post Route Wire Spread.
#
#Total wire length = 98491 um.
#Total half perimeter of net bounding box = 73442 um.
#Total wire length on LAYER metal1 = 2903 um.
#Total wire length on LAYER metal2 = 47157 um.
#Total wire length on LAYER metal3 = 48431 um.
#Total number of vias = 5272
#Up-Via Summary (total 5272):
#           
#-----------------------
#  Metal 1         2458
#  Metal 2         2814
#-----------------------
#                  5272 
#
#cpu time = 00:00:00, elapsed time = 00:00:00, memory = 520.00 (MB), peak = 601.63 (MB)
#
#Post Route wire spread is done.
#Total wire length = 98491 um.
#Total half perimeter of net bounding box = 73442 um.
#Total wire length on LAYER metal1 = 2903 um.
#Total wire length on LAYER metal2 = 47157 um.
#Total wire length on LAYER metal3 = 48431 um.
#Total number of vias = 5272
#Up-Via Summary (total 5272):
#           
#-----------------------
#  Metal 1         2458
#  Metal 2         2814
#-----------------------
#                  5272 
#
#
#Start DRC checking..
#    number of violations = 0
#cpu time = 00:00:00, elapsed time = 00:00:00, memory = 597.68 (MB), peak = 601.63 (MB)
#    number of violations = 0
#cpu time = 00:00:00, elapsed time = 00:00:00, memory = 597.68 (MB), peak = 601.63 (MB)
#CELL_VIEW top_module,init has no DRC violation.
#Total number of DRC violations = 0
#Using S.M.A.R.T. routing technology.
#routeSiEffort set to high
#
#Start Detail Routing..
#start 1st optimization iteration ...
#    number of violations = 0
#cpu time = 00:00:00, elapsed time = 00:00:00, memory = 597.69 (MB), peak = 601.63 (MB)
#Complete Detail Routing.
#Total wire length = 98491 um.
#Total half perimeter of net bounding box = 73442 um.
#Total wire length on LAYER metal1 = 2903 um.
#Total wire length on LAYER metal2 = 47157 um.
#Total wire length on LAYER metal3 = 48431 um.
#Total number of vias = 5272
#Up-Via Summary (total 5272):
#           
#-----------------------
#  Metal 1         2458
#  Metal 2         2814
#-----------------------
#                  5272 
#
#Total number of DRC violations = 0
#
#start routing for process antenna violation fix ...
#cpu time = 00:00:00, elapsed time = 00:00:00, memory = 597.69 (MB), peak = 601.63 (MB)
#
#Total wire length = 98491 um.
#Total half perimeter of net bounding box = 73442 um.
#Total wire length on LAYER metal1 = 2903 um.
#Total wire length on LAYER metal2 = 47157 um.
#Total wire length on LAYER metal3 = 48431 um.
#Total number of vias = 5272
#Up-Via Summary (total 5272):
#           
#-----------------------
#  Metal 1         2458
#  Metal 2         2814
#-----------------------
#                  5272 
#
#Total number of DRC violations = 0
#
#detailRoute Statistics:
#Cpu time = 00:00:04
#Elapsed time = 00:00:04
#Increased memory = 85.82 (MB)
#Total memory = 597.69 (MB)
#Peak memory = 601.63 (MB)
#
#globalDetailRoute statistics:
#Cpu time = 00:00:04
#Elapsed time = 00:00:04
#Increased memory = 124.37 (MB)
#Total memory = 597.81 (MB)
#Peak memory = 601.63 (MB)
#Number of warnings = 9
#Total number of warnings = 10
#Number of fails = 0
#Total number of fails = 0
#Complete globalDetailRoute on Sun Apr 29 15:41:15 2018
#
#routeDesign: cpu time = 00:00:04, elapsed time = 00:00:04, memory = 597.81 (MB), peak = 601.63 (MB)

*** Summary of all messages that are not suppressed in this session:
Severity  ID               Count  Summary                                  
WARNING   ENCEXT-6197          1  Capacitance table file not specified. Th...
WARNING   ENCEXT-2882          2  Unable to find resistance for via '%s' i...
WARNING   ENCEXT-3530          1  The process node is not set. Use the com...
ERROR     ENCDC-634            1  Failed to build the timing graph since t...
WARNING   ENCESI-2013       2622  The power rail of instance %s term %s ha...
*** Message Summary: 2626 warning(s), 1 error(s)

<CMD> verifyGeometry
 *** Starting Verify Geometry (MEM: 665.6) ***

  VERIFY GEOMETRY ...... Starting Verification
  VERIFY GEOMETRY ...... Initializing
  VERIFY GEOMETRY ...... Deleting Existing Violations
  VERIFY GEOMETRY ...... Creating Sub-Areas
                  ...... bin size: 9600
VG: elapsed time: 0.00
Begin Summary ...
  Cells       : 0
  SameNet     : 0
  Wiring      : 0
  Antenna     : 0
  Short       : 0
  Overlap     : 0
End Summary

  Verification Complete : 0 Viols.  0 Wrngs.

**********End: VERIFY GEOMETRY**********
 *** verify geometry (CPU: 0:00:00.2  MEM: 0.0M)

<CMD> verifyConnectivity -type all -noAntenna
VERIFY_CONNECTIVITY use new engine.

******** Start: VERIFY CONNECTIVITY ********
Start Time: Sun Apr 29 15:41:15 2018

Design Name: top_module
Database Units: 1000
Design Boundary: (0.0000, 0.0000) (606.1500, 582.0000)
Error Limit = 1000; Warning Limit = 50
Check all nets

Begin Summary 
  Found no problems or warnings.
End Summary

End Time: Sun Apr 29 15:41:15 2018
Time Elapsed: 0:00:00.0

******** End: VERIFY CONNECTIVITY ********
  Verification Complete : 0 Viols.  0 Wrngs.
  (CPU Time: 0:00:00.0  MEM: 0.000M)

<CMD> setStreamOutMode -snapToMGrid true -supportPathType4 false
<CMD> streamOut final.gds -mapFile /clear/apps/osu/soc/cadence/flow/ami05/gds2_encounter.map -libName DesignLib -units 100 -merge /clear/apps/osu/soc/cadence/lib/source/gds2/osu05_stdcells.gds2 -mode ALL
Finding the highest version number among the merge files
Merge file: /clear/apps/osu/soc/cadence/lib/source/gds2/osu05_stdcells.gds2 has version number: 3

Parse map file...
**WARN: (ENCOGDS-399):	 Only 1 layer(s) (metal1) of a VIA object is(are) specified in map file '/clear/apps/osu/soc/cadence/flow/ami05/gds2_encounter.map'. A VIA object needs 3 layers (poly cc metal1) being specified at the same time in the map file. Add VIA contruct(s) to the map file for the following layer(s): poly cc or remove VIA construct(s) from the map file for the following layer(s): metal1.
Type 'man ENCOGDS-399' for more detail.
**WARN: (ENCOGDS-399):	 Only 1 layer(s) (metal1) of a VIAFILL object is(are) specified in map file '/clear/apps/osu/soc/cadence/flow/ami05/gds2_encounter.map'. A VIAFILL object needs 3 layers (poly cc metal1) being specified at the same time in the map file. Add VIAFILL contruct(s) to the map file for the following layer(s): poly cc or remove VIAFILL construct(s) from the map file for the following layer(s): metal1.
Type 'man ENCOGDS-399' for more detail.
Writing GDSII file ...
	****** db unit per micron = 1000 ******
	****** output gds2 file unit per micron = 100 ******
	****** unit scaling factor = 0.1 ******
**WARN: (ENCOGDS-250):	Specified unit is smaller than the one in db. You may have rounding problems
Output for instance
Output for bump
Output for physical terminals
Output for logical terminals
Output for regular nets
Output for special nets and metal fills
Output for via structure generation
Statistics for GDS generated (version 3)
----------------------------------------
Stream Out Layer Mapping Information:
GDS Layer Number          GDS Layer Name
----------------------------------------
    49                            metal1
    50                               via
    51                            metal2
    61                              via2
    62                            metal3
    49                            metal1
    51                            metal2
    62                            metal3


Stream Out Information Processed for GDS version 3:
Units: 100 DBU

Object                             Count
----------------------------------------
Instances                            870

Ports/Pins                            63
    metal layer metal2                33
    metal layer metal3                30

Nets                                7530
    metal layer metal1               854
    metal layer metal2              4233
    metal layer metal3              2443

    Via Instances                   5272

Special Nets                          65
    metal layer metal1                61
    metal layer metal2                 4

    Via Instances                     46

Metal Fills                            0

    Via Instances                      0

Metal FillOPCs                         0

    Via Instances                      0

Text                                  65
    metal layer metal1                 2
    metal layer metal2                33
    metal layer metal3                30


Blockages                              0


Custom Text                            0


Custom Box                             0

Merging with GDS libraries
Scanning GDS file /clear/apps/osu/soc/cadence/lib/source/gds2/osu05_stdcells.gds2 to register cell name ......
Merging GDS file /clear/apps/osu/soc/cadence/lib/source/gds2/osu05_stdcells.gds2 ......
	****** Merge file: /clear/apps/osu/soc/cadence/lib/source/gds2/osu05_stdcells.gds2 has version number: 3.
	****** Merge file: /clear/apps/osu/soc/cadence/lib/source/gds2/osu05_stdcells.gds2 has units: 1000 per micron.
	****** unit scaling factor = 0.1 ******
**WARN: (ENCOGDS-215):	Merge file : /clear/apps/osu/soc/cadence/lib/source/gds2/osu05_stdcells.gds2 has larger units than output file units. You may have rounding problem.
**WARN: (ENCOGDS-280):	Maximum units in merge file is 1000. Use -units 1000 to avoid rounding issue.
######Streamout is finished!
<CMD> saveNetlist final.v
Writing Netlist "final.v" ...
<CMD> saveDesign top_module.enc
Writing Netlist "top_module.enc.dat.tmp/top_module.v.gz" ...
Saving AAE Data ...
Saving configuration ...
Saving preference file top_module.enc.dat.tmp/enc.pref.tcl ...
Saving floorplan ...
Saving Drc markers ...
... No Drc file written since there is no markers found.
Saving placement ...
Saving route ...
*** Completed saveRoute (cpu=0:00:00.0 real=0:00:00.0 mem=601.6M) ***
Writing DEF file 'top_module.enc.dat.tmp/top_module.def.gz', current time is Sun Apr 29 15:41:15 2018 ...
unitPerMicron=1000, dbgMicronPerDBU=0.001000, unitPerDBU=1.000000
DEF file 'top_module.enc.dat.tmp/top_module.def.gz' is written, current time is Sun Apr 29 15:41:15 2018 ...
Copying LEF file...
Copying Non-ILM Constraints file(s) ...
Modifying Mode File...
Modifying Globals File...
Modifying Power Constraints File...
Generated self-contained design: /storage-home/j/jdm17/elec422/VLSI_project/Encounter
*** Message Summary: 0 warning(s), 0 error(s)

<CMD> win
<CMD> fit

*** Memory Usage v#1 (Current mem = 624.996M, initial mem = 94.102M) ***
*** Message Summary: 2647 warning(s), 1 error(s)

--- Ending "Encounter" (totcpu=0:00:19.6, real=0:01:28, mem=625.0M) ---
